<?xml version="1.0" encoding="UTF-8"?>
<!-- Generated by org.testng.reporters.JUnitReportReporter -->
<testsuite skipped="0" hostname="MimaPC" name="testsIF.LoginPageTest" tests="9" failures="0" timestamp="03 Aug 2018 18:58:09 GMT" time="33.337" errors="0">
  <testcase name="loginDomainName" time="4.713" classname="testsIF.LoginPageTest"/>
  <testcase name="invalidMail" time="3.396" classname="testsIF.LoginPageTest"/>
  <testcase name="invalidPass" time="3.507" classname="testsIF.LoginPageTest"/>
  <testcase name="emptyField" time="1.730" classname="testsIF.LoginPageTest"/>
  <testcase name="ShowPassword" time="1.798" classname="testsIF.LoginPageTest"/>
  <testcase name="uppercasePass" time="3.638" classname="testsIF.LoginPageTest"/>
  <testcase name="uppercaseMail" time="6.066" classname="testsIF.LoginPageTest"/>
  <testcase name="passleast6greater20" time="5.294" classname="testsIF.LoginPageTest"/>
  <testcase name="login" time="3.195" classname="testsIF.LoginPageTest"/>
</testsuite> <!-- testsIF.LoginPageTest -->
